<?xml version="1.0" encoding="UTF-8"?>
<!-- Generated by org.testng.reporters.JUnitReportReporter -->
<testsuite skipped="0" hostname="Amit-PC" name="com.crm.qa.testcases.LoginPageTest" tests="1" failures="0" timestamp="23 Feb 2019 09:02:16 GMT" time="21.380" errors="0">
  <testcase name="loginPageTitleTest" time="21.380" classname="com.crm.qa.testcases.LoginPageTest"/>
</testsuite> <!-- com.crm.qa.testcases.LoginPageTest -->
